Initializing EvtGen 
Setting EvtGen random number generator to the Herwig one.
EvtGen:Defining EvtPythiaEngine: data tables defined in /mnt/t3nfs01/data01/shome/theofil/GEN/./xmldoc
EvtGen:Pythia 6 codes in decay files will be converted to Pythia 8 codes
EvtGen:Using EvtGen random engine for Pythia 8 as well
EvtGen:Creating generic Pythia generator

 *------------------------------------------------------------------------------------* 
 |                                                                                    | 
 |  *------------------------------------------------------------------------------*  | 
 |  |                                                                              |  | 
 |  |                                                                              |  | 
 |  |   PPP   Y   Y  TTTTT  H   H  III    A      Welcome to the Lund Monte Carlo!  |  | 
 |  |   P  P   Y Y     T    H   H   I    A A     This is PYTHIA version 8.186      |  | 
 |  |   PPP     Y      T    HHHHH   I   AAAAA    Last date of change:  8 Jul 2014  |  | 
 |  |   P       Y      T    H   H   I   A   A                                      |  | 
 |  |   P       Y      T    H   H  III  A   A    Now is 29 Sep 2017 at 09:37:55    |  | 
 |  |                                                                              |  | 
 |  |   Torbjorn Sjostrand;  Department of Astronomy and Theoretical Physics,      |  | 
 |  |      Lund University, Solvegatan 14A, SE-223 62 Lund, Sweden;                |  | 
 |  |      phone: + 46 - 46 - 222 48 16; e-mail: torbjorn@thep.lu.se               |  | 
 |  |   Jesper Roy Christiansen;  Department of Astronomy and Theoretical Physics, |  | 
 |  |      Lund University, Solvegatan 14A, SE-223 62 Lund, Sweden;                |  | 
 |  |      e-mail: Jesper.Roy.Christiansen@thep.lu.se                              |  | 
 |  |   Nishita Desai;  Institut fuer Theoretische Physik,                         |  | 
 |  |     Universitaet Heidelberg, Philosophenweg 16, D-69120 Heidelberg, Germany; |  | 
 |  |      phone: +49 - 6221 54 9424; e-mail: Nishita.Desai@cern.ch                |  | 
 |  |   Philip Ilten;  Massachusetts Institute of Technology,                      |  | 
 |  |      stationed at CERN, CH-1211 Geneva 23, Switzerland;                      |  | 
 |  |      e-mail: philten@cern.ch                                                 |  | 
 |  |   Stephen Mrenna;  Computing Division, Simulations Group,                    |  | 
 |  |      Fermi National Accelerator Laboratory, MS 234, Batavia, IL 60510, USA;  |  | 
 |  |      phone: + 1 - 630 - 840 - 2556; e-mail: mrenna@fnal.gov                  |  | 
 |  |   Stefan Prestel;  Theory Group, DESY,                                       |  | 
 |  |      Notkestrasse 85, D-22607 Hamburg, Germany;                              |  | 
 |  |      phone: + 49 - 40 - 8998-4250; e-mail: stefan.prestel@thep.lu.se         |  | 
 |  |   Peter Skands;  Theoretical Physics, CERN, CH-1211 Geneva 23, Switzerland;  |  | 
 |  |      phone: + 41 - 22 - 767 2447; e-mail: peter.skands@cern.ch               |  | 
 |  |   Stefan Ask; former author; e-mail: ask.stefan@gmail.com                    |  | 
 |  |   Richard Corke; former author; e-mail: r.corke@errno.net                    |  | 
 |  |                                                                              |  | 
 |  |   The main program reference is the 'Brief Introduction to PYTHIA 8.1',      |  | 
 |  |   T. Sjostrand, S. Mrenna and P. Skands, Comput. Phys. Comm. 178 (2008) 85   |  | 
 |  |   [arXiv:0710.3820]                                                          |  | 
 |  |                                                                              |  | 
 |  |   The main physics reference is the 'PYTHIA 6.4 Physics and Manual',         |  | 
 |  |   T. Sjostrand, S. Mrenna and P. Skands, JHEP05 (2006) 026 [hep-ph/0603175]. |  | 
 |  |                                                                              |  | 
 |  |   An archive of program versions and documentation is found on the web:      |  | 
 |  |   http://www.thep.lu.se/~torbjorn/Pythia.html                                |  | 
 |  |                                                                              |  | 
 |  |   This program is released under the GNU General Public Licence version 2.   |  | 
 |  |   Please respect the MCnet Guidelines for Event Generator Authors and Users. |  | 
 |  |                                                                              |  | 
 |  |   Disclaimer: this program comes without any guarantees.                     |  | 
 |  |   Beware of errors and use common sense when interpreting results.           |  | 
 |  |                                                                              |  | 
 |  |   Copyright (C) 2014 Torbjorn Sjostrand                                      |  | 
 |  |                                                                              |  | 
 |  |                                                                              |  | 
 |  *------------------------------------------------------------------------------*  | 
 |                                                                                    | 
 *------------------------------------------------------------------------------------* 

EvtGen:Creating alias Pythia generator

 *------------------------------------------------------------------------------------* 
 |                                                                                    | 
 |  *------------------------------------------------------------------------------*  | 
 |  |                                                                              |  | 
 |  |                                                                              |  | 
 |  |   PPP   Y   Y  TTTTT  H   H  III    A      Welcome to the Lund Monte Carlo!  |  | 
 |  |   P  P   Y Y     T    H   H   I    A A     This is PYTHIA version 8.186      |  | 
 |  |   PPP     Y      T    HHHHH   I   AAAAA    Last date of change:  8 Jul 2014  |  | 
 |  |   P       Y      T    H   H   I   A   A                                      |  | 
 |  |   P       Y      T    H   H  III  A   A    Now is 29 Sep 2017 at 09:37:55    |  | 
 |  |                                                                              |  | 
 |  |   Torbjorn Sjostrand;  Department of Astronomy and Theoretical Physics,      |  | 
 |  |      Lund University, Solvegatan 14A, SE-223 62 Lund, Sweden;                |  | 
 |  |      phone: + 46 - 46 - 222 48 16; e-mail: torbjorn@thep.lu.se               |  | 
 |  |   Jesper Roy Christiansen;  Department of Astronomy and Theoretical Physics, |  | 
 |  |      Lund University, Solvegatan 14A, SE-223 62 Lund, Sweden;                |  | 
 |  |      e-mail: Jesper.Roy.Christiansen@thep.lu.se                              |  | 
 |  |   Nishita Desai;  Institut fuer Theoretische Physik,                         |  | 
 |  |     Universitaet Heidelberg, Philosophenweg 16, D-69120 Heidelberg, Germany; |  | 
 |  |      phone: +49 - 6221 54 9424; e-mail: Nishita.Desai@cern.ch                |  | 
 |  |   Philip Ilten;  Massachusetts Institute of Technology,                      |  | 
 |  |      stationed at CERN, CH-1211 Geneva 23, Switzerland;                      |  | 
 |  |      e-mail: philten@cern.ch                                                 |  | 
 |  |   Stephen Mrenna;  Computing Division, Simulations Group,                    |  | 
 |  |      Fermi National Accelerator Laboratory, MS 234, Batavia, IL 60510, USA;  |  | 
 |  |      phone: + 1 - 630 - 840 - 2556; e-mail: mrenna@fnal.gov                  |  | 
 |  |   Stefan Prestel;  Theory Group, DESY,                                       |  | 
 |  |      Notkestrasse 85, D-22607 Hamburg, Germany;                              |  | 
 |  |      phone: + 49 - 40 - 8998-4250; e-mail: stefan.prestel@thep.lu.se         |  | 
 |  |   Peter Skands;  Theoretical Physics, CERN, CH-1211 Geneva 23, Switzerland;  |  | 
 |  |      phone: + 41 - 22 - 767 2447; e-mail: peter.skands@cern.ch               |  | 
 |  |   Stefan Ask; former author; e-mail: ask.stefan@gmail.com                    |  | 
 |  |   Richard Corke; former author; e-mail: r.corke@errno.net                    |  | 
 |  |                                                                              |  | 
 |  |   The main program reference is the 'Brief Introduction to PYTHIA 8.1',      |  | 
 |  |   T. Sjostrand, S. Mrenna and P. Skands, Comput. Phys. Comm. 178 (2008) 85   |  | 
 |  |   [arXiv:0710.3820]                                                          |  | 
 |  |                                                                              |  | 
 |  |   The main physics reference is the 'PYTHIA 6.4 Physics and Manual',         |  | 
 |  |   T. Sjostrand, S. Mrenna and P. Skands, JHEP05 (2006) 026 [hep-ph/0603175]. |  | 
 |  |                                                                              |  | 
 |  |   An archive of program versions and documentation is found on the web:      |  | 
 |  |   http://www.thep.lu.se/~torbjorn/Pythia.html                                |  | 
 |  |                                                                              |  | 
 |  |   This program is released under the GNU General Public Licence version 2.   |  | 
 |  |   Please respect the MCnet Guidelines for Event Generator Authors and Users. |  | 
 |  |                                                                              |  | 
 |  |   Disclaimer: this program comes without any guarantees.                     |  | 
 |  |   Beware of errors and use common sense when interpreting results.           |  | 
 |  |                                                                              |  | 
 |  |   Copyright (C) 2014 Torbjorn Sjostrand                                      |  | 
 |  |                                                                              |  | 
 |  |                                                                              |  | 
 |  *------------------------------------------------------------------------------*  | 
 |                                                                                    | 
 *------------------------------------------------------------------------------------* 

EvtGen:Initializing EvtGen
EvtGen:Storing known decay models
EvtGen:Defining EvtBcToNPi model: Bc -> V + npi and Bc -> P + npi decays
from A.V. Berezhnoy, A.K. Likhoded, A.V. Luchinsky: Phys.Rev.D 82, 014012 (2010) and arXiV:1104.0808.
EvtGen:Main decay file name  :/mnt/t3nfs01/data01/shome/theofil/GEN/./share/DECAY_2010.DEC
EvtGen:PDT table file name   :/mnt/t3nfs01/data01/shome/theofil/GEN/./share/evt.pdl
EvtGen:In readDecayFile, reading:/mnt/t3nfs01/data01/shome/theofil/GEN/./share/DECAY_2010.DEC
EvtGen:Warning, sum of branching fractions for omega is 0.994
EvtGen:rescaled to one! 
EvtGen:Warning, sum of branching fractions for phi is 0.999
EvtGen:rescaled to one! 
EvtGen:Warning, sum of branching fractions for f_2 is 0.999
EvtGen:rescaled to one! 
EvtGen:Warning, sum of branching fractions for chi_c1 is 0.996
EvtGen:rescaled to one! 
EvtGen:Warning, sum of branching fractions for Upsilon(2S) is 0.992
EvtGen:rescaled to one! 
EvtGen:Warning, sum of branching fractions for Upsilon(3S) is 0.999
EvtGen:rescaled to one! 
EvtGen:Mixing type integer set to 1
EvtGen:Done initializing EvtGen
Finished initialisation of EvtGen 
